This is pdfTeX, Version 3.14159265-2.6-1.40.15 (TeX Live 2014/W32TeX) (preloaded format=pdflatex 2014.8.29)  27 APR 2017 17:39
entering extended mode
 restricted \write18 enabled.
 %&-line parsing enabled.
**"Lever Towards Low-Latency Batch Stream Processing by Pre-Scheduling.tex"
(./Lever Towards Low-Latency Batch Stream Processing by Pre-Scheduling.tex
LaTeX2e <2014/05/01>
Babel <3.9k> and hyphenation patterns for 79 languages loaded.
(./IEEEtran.cls
Document Class: IEEEtran 2015/08/26 V1.8b by Michael Shell
-- See the "IEEEtran_HOWTO" manual for usage information.
-- http://www.michaelshell.org/tex/ieeetran/
\@IEEEtrantmpdimenA=\dimen102
\@IEEEtrantmpdimenB=\dimen103
\@IEEEtrantmpdimenC=\dimen104
\@IEEEtrantmpcountA=\count79
\@IEEEtrantmpcountB=\count80
\@IEEEtrantmpcountC=\count81
\@IEEEtrantmptoksA=\toks14
LaTeX Font Info:    Try loading font information for OT1+ptm on input line 503.

(g:/Program Files (x86)/texlive/2014/texmf-dist/tex/latex/psnfss/ot1ptm.fd
File: ot1ptm.fd 2001/06/04 font definitions for OT1/ptm.
)
-- Using 8.5in x 11in (letter) paper.
-- Using PDF output.
\@IEEEnormalsizeunitybaselineskip=\dimen105
-- This is a 10 point document.
\CLASSINFOnormalsizebaselineskip=\dimen106
\CLASSINFOnormalsizeunitybaselineskip=\dimen107
\IEEEnormaljot=\dimen108
LaTeX Font Info:    Font shape `OT1/ptm/bx/n' in size <5> not available
(Font)              Font shape `OT1/ptm/b/n' tried instead on input line 1090.
LaTeX Font Info:    Font shape `OT1/ptm/bx/it' in size <5> not available
(Font)              Font shape `OT1/ptm/b/it' tried instead on input line 1090.

LaTeX Font Info:    Font shape `OT1/ptm/bx/n' in size <7> not available
(Font)              Font shape `OT1/ptm/b/n' tried instead on input line 1090.
LaTeX Font Info:    Font shape `OT1/ptm/bx/it' in size <7> not available
(Font)              Font shape `OT1/ptm/b/it' tried instead on input line 1090.

LaTeX Font Info:    Font shape `OT1/ptm/bx/n' in size <8> not available
(Font)              Font shape `OT1/ptm/b/n' tried instead on input line 1090.
LaTeX Font Info:    Font shape `OT1/ptm/bx/it' in size <8> not available
(Font)              Font shape `OT1/ptm/b/it' tried instead on input line 1090.

LaTeX Font Info:    Font shape `OT1/ptm/bx/n' in size <9> not available
(Font)              Font shape `OT1/ptm/b/n' tried instead on input line 1090.
LaTeX Font Info:    Font shape `OT1/ptm/bx/it' in size <9> not available
(Font)              Font shape `OT1/ptm/b/it' tried instead on input line 1090.

LaTeX Font Info:    Font shape `OT1/ptm/bx/n' in size <10> not available
(Font)              Font shape `OT1/ptm/b/n' tried instead on input line 1090.
LaTeX Font Info:    Font shape `OT1/ptm/bx/it' in size <10> not available
(Font)              Font shape `OT1/ptm/b/it' tried instead on input line 1090.

LaTeX Font Info:    Font shape `OT1/ptm/bx/n' in size <11> not available
(Font)              Font shape `OT1/ptm/b/n' tried instead on input line 1090.
LaTeX Font Info:    Font shape `OT1/ptm/bx/it' in size <11> not available
(Font)              Font shape `OT1/ptm/b/it' tried instead on input line 1090.

LaTeX Font Info:    Font shape `OT1/ptm/bx/n' in size <12> not available
(Font)              Font shape `OT1/ptm/b/n' tried instead on input line 1090.
LaTeX Font Info:    Font shape `OT1/ptm/bx/it' in size <12> not available
(Font)              Font shape `OT1/ptm/b/it' tried instead on input line 1090.

LaTeX Font Info:    Font shape `OT1/ptm/bx/n' in size <17> not available
(Font)              Font shape `OT1/ptm/b/n' tried instead on input line 1090.
LaTeX Font Info:    Font shape `OT1/ptm/bx/it' in size <17> not available
(Font)              Font shape `OT1/ptm/b/it' tried instead on input line 1090.

LaTeX Font Info:    Font shape `OT1/ptm/bx/n' in size <20> not available
(Font)              Font shape `OT1/ptm/b/n' tried instead on input line 1090.
LaTeX Font Info:    Font shape `OT1/ptm/bx/it' in size <20> not available
(Font)              Font shape `OT1/ptm/b/it' tried instead on input line 1090.

LaTeX Font Info:    Font shape `OT1/ptm/bx/n' in size <24> not available
(Font)              Font shape `OT1/ptm/b/n' tried instead on input line 1090.
LaTeX Font Info:    Font shape `OT1/ptm/bx/it' in size <24> not available
(Font)              Font shape `OT1/ptm/b/it' tried instead on input line 1090.

\IEEEquantizedlength=\dimen109
\IEEEquantizedlengthdiff=\dimen110
\IEEEquantizedtextheightdiff=\dimen111
\IEEEilabelindentA=\dimen112
\IEEEilabelindentB=\dimen113
\IEEEilabelindent=\dimen114
\IEEEelabelindent=\dimen115
\IEEEdlabelindent=\dimen116
\IEEElabelindent=\dimen117
\IEEEiednormlabelsep=\dimen118
\IEEEiedmathlabelsep=\dimen119
\IEEEiedtopsep=\skip41
\c@section=\count82
\c@subsection=\count83
\c@subsubsection=\count84
\c@paragraph=\count85
\c@IEEEsubequation=\count86
\abovecaptionskip=\skip42
\belowcaptionskip=\skip43
\c@figure=\count87
\c@table=\count88
\@IEEEeqnnumcols=\count89
\@IEEEeqncolcnt=\count90
\@IEEEsubeqnnumrollback=\count91
\@IEEEquantizeheightA=\dimen120
\@IEEEquantizeheightB=\dimen121
\@IEEEquantizeheightC=\dimen122
\@IEEEquantizeprevdepth=\dimen123
\@IEEEquantizemultiple=\count92
\@IEEEquantizeboxA=\box26
\@IEEEtmpitemindent=\dimen124
\IEEEPARstartletwidth=\dimen125
\c@IEEEbiography=\count93
\@IEEEtranrubishbin=\box27
) (g:/Program Files (x86)/texlive/2014/texmf-dist/tex/latex/psnfss/times.sty
Package: times 2005/04/12 PSNFSS-v9.2a (SPQR) 
)
(g:/Program Files (x86)/texlive/2014/texmf-dist/tex/latex/cite/cite.sty
LaTeX Info: Redefining \cite on input line 302.
LaTeX Info: Redefining \nocite on input line 373.
Package: cite 2010/09/10  v 5.3
)
(g:/Program Files (x86)/texlive/2014/texmf-dist/tex/latex/url/url.sty
\Urlmuskip=\muskip10
Package: url 2013/09/16  ver 3.4  Verb mode for urls, etc.
)
(g:/Program Files (x86)/texlive/2014/texmf-dist/tex/latex/graphics/graphicx.sty
Package: graphicx 2014/04/25 v1.0g Enhanced LaTeX Graphics (DPC,SPQR)
(g:/Program Files (x86)/texlive/2014/texmf-dist/tex/latex/graphics/keyval.sty
Package: keyval 2014/05/08 v1.15 key=value parser (DPC)
\KV@toks@=\toks15
)
(g:/Program Files (x86)/texlive/2014/texmf-dist/tex/latex/graphics/graphics.sty
Package: graphics 2009/02/05 v1.0o Standard LaTeX Graphics (DPC,SPQR)
(g:/Program Files (x86)/texlive/2014/texmf-dist/tex/latex/graphics/trig.sty
Package: trig 1999/03/16 v1.09 sin cos tan (DPC)
)
(g:/Program Files (x86)/texlive/2014/texmf-dist/tex/latex/latexconfig/graphics.
cfg
File: graphics.cfg 2010/04/23 v1.9 graphics configuration of TeX Live
)
Package graphics Info: Driver file: pdftex.def on input line 91.

(g:/Program Files (x86)/texlive/2014/texmf-dist/tex/latex/pdftex-def/pdftex.def
File: pdftex.def 2011/05/27 v0.06d Graphics/color for pdfTeX

(g:/Program Files (x86)/texlive/2014/texmf-dist/tex/generic/oberdiek/infwarerr.
sty
Package: infwarerr 2010/04/08 v1.3 Providing info/warning/error messages (HO)
)
(g:/Program Files (x86)/texlive/2014/texmf-dist/tex/generic/oberdiek/ltxcmds.st
y
Package: ltxcmds 2011/11/09 v1.22 LaTeX kernel commands for general use (HO)
)
\Gread@gobject=\count94
))
\Gin@req@height=\dimen126
\Gin@req@width=\dimen127
)
(g:/Program Files (x86)/texlive/2014/texmf-dist/tex/latex/subfig/subfig.sty
Package: subfig 2005/06/28 ver: 1.3 subfig package

(g:/Program Files (x86)/texlive/2014/texmf-dist/tex/latex/caption/caption.sty
Package: caption 2013/05/02 v3.3-89 Customizing captions (AR)

(g:/Program Files (x86)/texlive/2014/texmf-dist/tex/latex/caption/caption3.sty
Package: caption3 2013/05/02 v1.6-88 caption3 kernel (AR)
Package caption3 Info: TeX engine: e-TeX on input line 57.
\captionmargin=\dimen128
\captionmargin@=\dimen129
\captionwidth=\dimen130
\caption@tempdima=\dimen131
\caption@indent=\dimen132
\caption@parindent=\dimen133
\caption@hangindent=\dimen134
Package caption Info: Unknown document class (or package),
(caption)             standard defaults will be used.
)

Package caption Warning: Unsupported document class (or package) detected,
(caption)                usage of the caption package is not recommended.
See the caption package documentation for explanation.

Package caption Info: \@makecaption = \long macro:#1#2->\ifx \@captype \@IEEEta
blestring \footnotesize \bgroup \par \centering \@IEEEtabletopskipstrut {\norma
lfont \footnotesize #1}\\{\normalfont \footnotesize \scshape #2}\par \addvspace
 {0.5\baselineskip }\egroup \@IEEEtablecaptionsepspace \else \@IEEEfigurecaptio
nsepspace \setbox \@tempboxa \hbox {\normalfont \footnotesize {#1.}\nobreakspac
e \nobreakspace #2}\ifdim \wd \@tempboxa >\hsize \setbox \@tempboxa \hbox {\nor
malfont \footnotesize {#1.}\nobreakspace \nobreakspace }\parbox [t]{\hsize }{\n
ormalfont \footnotesize \noindent \unhbox \@tempboxa #2}\else \ifCLASSOPTIONcon
ference \hbox to\hsize {\normalfont \footnotesize \hfil \box \@tempboxa \hfil }
\else \hbox to\hsize {\normalfont \footnotesize \box \@tempboxa \hfil }\fi \fi 
\fi .
\c@ContinuedFloat=\count95
)
\c@KVtest=\count96
\sf@farskip=\skip44
\sf@captopadj=\dimen135
\sf@capskip=\skip45
\sf@nearskip=\skip46
\c@subfigure=\count97
\c@subfigure@save=\count98
\c@lofdepth=\count99
\c@subtable=\count100
\c@subtable@save=\count101
\c@lotdepth=\count102
\sf@top=\skip47
\sf@bottom=\skip48
)
(g:/Program Files (x86)/texlive/2014/texmf-dist/tex/latex/multirow/multirow.sty
\bigstrutjot=\dimen136
)
(g:/Program Files (x86)/texlive/2014/texmf-dist/tex/latex/booktabs/booktabs.sty
Package: booktabs 2005/04/14 v1.61803 publication quality tables
\heavyrulewidth=\dimen137
\lightrulewidth=\dimen138
\cmidrulewidth=\dimen139
\belowrulesep=\dimen140
\belowbottomsep=\dimen141
\aboverulesep=\dimen142
\abovetopsep=\dimen143
\cmidrulesep=\dimen144
\cmidrulekern=\dimen145
\defaultaddspace=\dimen146
\@cmidla=\count103
\@cmidlb=\count104
\@aboverulesep=\dimen147
\@belowrulesep=\dimen148
\@thisruleclass=\count105
\@lastruleclass=\count106
\@thisrulewidth=\dimen149
)
(g:/Program Files (x86)/texlive/2014/texmf-dist/tex/latex/threeparttable/threep
arttable.sty
Package: threeparttable 2003/06/13  v 3.0
\@tempboxb=\box28
)
(g:/Program Files (x86)/texlive/2014/texmf-dist/tex/latex/algorithms/algorithm.
sty
Package: algorithm 2009/08/24 v0.1 Document Style `algorithm' - floating enviro
nment
 (g:/Program Files (x86)/texlive/2014/texmf-dist/tex/latex/float/float.sty
Package: float 2001/11/08 v1.3d Float enhancements (AL)
\c@float@type=\count107
\float@exts=\toks16
\float@box=\box29
\@float@everytoks=\toks17
\@floatcapt=\box30
)
(g:/Program Files (x86)/texlive/2014/texmf-dist/tex/latex/base/ifthen.sty
Package: ifthen 2001/05/26 v1.1c Standard LaTeX ifthen package (DPC)
)
\@float@every@algorithm=\toks18
\c@algorithm=\count108
)
(g:/Program Files (x86)/texlive/2014/texmf-dist/tex/latex/algorithms/algorithmi
c.sty
Package: algorithmic 2009/08/24 v0.1 Document Style `algorithmic'
\c@ALC@unique=\count109
\c@ALC@line=\count110
\c@ALC@rem=\count111
\c@ALC@depth=\count112
\ALC@tlm=\skip49
\algorithmicindent=\skip50
)

LaTeX Warning: Unused global option(s):
    [compsocconf].

(./Lever Towards Low-Latency Batch Stream Processing by Pre-Scheduling.aux)
\openout1 = `"Lever Towards Low-Latency Batch Stream Processing by Pre-Scheduli
ng.aux"'.

LaTeX Font Info:    Checking defaults for OML/cmm/m/it on input line 327.
LaTeX Font Info:    ... okay on input line 327.
LaTeX Font Info:    Checking defaults for T1/cmr/m/n on input line 327.
LaTeX Font Info:    ... okay on input line 327.
LaTeX Font Info:    Checking defaults for OT1/cmr/m/n on input line 327.
LaTeX Font Info:    ... okay on input line 327.
LaTeX Font Info:    Checking defaults for OMS/cmsy/m/n on input line 327.
LaTeX Font Info:    ... okay on input line 327.
LaTeX Font Info:    Checking defaults for OMX/cmex/m/n on input line 327.
LaTeX Font Info:    ... okay on input line 327.
LaTeX Font Info:    Checking defaults for U/cmr/m/n on input line 327.
LaTeX Font Info:    ... okay on input line 327.

-- Lines per column: 56 (exact).
(g:/Program Files (x86)/texlive/2014/texmf-dist/tex/context/base/supp-pdf.mkii
[Loading MPS to PDF converter (version 2006.09.02).]
\scratchcounter=\count113
\scratchdimen=\dimen150
\scratchbox=\box31
\nofMPsegments=\count114
\nofMParguments=\count115
\everyMPshowfont=\toks19
\MPscratchCnt=\count116
\MPscratchDim=\dimen151
\MPnumerator=\count117
\makeMPintoPDFobject=\count118
\everyMPtoPDFconversion=\toks20
)
(g:/Program Files (x86)/texlive/2014/texmf-dist/tex/generic/oberdiek/pdftexcmds
.sty
Package: pdftexcmds 2011/11/29 v0.20 Utility functions of pdfTeX for LuaTeX (HO
)

(g:/Program Files (x86)/texlive/2014/texmf-dist/tex/generic/oberdiek/ifluatex.s
ty
Package: ifluatex 2010/03/01 v1.3 Provides the ifluatex switch (HO)
Package ifluatex Info: LuaTeX not detected.
)
(g:/Program Files (x86)/texlive/2014/texmf-dist/tex/generic/oberdiek/ifpdf.sty
Package: ifpdf 2011/01/30 v2.3 Provides the ifpdf switch (HO)
Package ifpdf Info: pdfTeX in PDF mode is detected.
)
Package pdftexcmds Info: LuaTeX not detected.
Package pdftexcmds Info: \pdf@primitive is available.
Package pdftexcmds Info: \pdf@ifprimitive is available.
Package pdftexcmds Info: \pdfdraftmode found.
)
(g:/Program Files (x86)/texlive/2014/texmf-dist/tex/latex/oberdiek/epstopdf-bas
e.sty
Package: epstopdf-base 2010/02/09 v2.5 Base part for package epstopdf

(g:/Program Files (x86)/texlive/2014/texmf-dist/tex/latex/oberdiek/grfext.sty
Package: grfext 2010/08/19 v1.1 Manage graphics extensions (HO)

(g:/Program Files (x86)/texlive/2014/texmf-dist/tex/generic/oberdiek/kvdefineke
ys.sty
Package: kvdefinekeys 2011/04/07 v1.3 Define keys (HO)
))
(g:/Program Files (x86)/texlive/2014/texmf-dist/tex/latex/oberdiek/kvoptions.st
y
Package: kvoptions 2011/06/30 v3.11 Key value format for package options (HO)

(g:/Program Files (x86)/texlive/2014/texmf-dist/tex/generic/oberdiek/kvsetkeys.
sty
Package: kvsetkeys 2012/04/25 v1.16 Key value parser (HO)

(g:/Program Files (x86)/texlive/2014/texmf-dist/tex/generic/oberdiek/etexcmds.s
ty
Package: etexcmds 2011/02/16 v1.5 Avoid name clashes with e-TeX commands (HO)
Package etexcmds Info: Could not find \expanded.
(etexcmds)             That can mean that you are not using pdfTeX 1.50 or
(etexcmds)             that some package has redefined \expanded.
(etexcmds)             In the latter case, load this package earlier.
)))
Package grfext Info: Graphics extension search list:
(grfext)             [.png,.pdf,.jpg,.mps,.jpeg,.jbig2,.jb2,.PNG,.PDF,.JPG,.JPE
G,.JBIG2,.JB2,.eps]
(grfext)             \AppendGraphicsExtensions on input line 452.

(g:/Program Files (x86)/texlive/2014/texmf-dist/tex/latex/latexconfig/epstopdf-
sys.cfg
File: epstopdf-sys.cfg 2010/07/13 v1.3 Configuration of (r)epstopdf for TeX Liv
e
))
Package caption Info: Begin \AtBeginDocument code.
Package caption Info: subfig package v1.3 is loaded.
Package caption Info: float package is loaded.
Package caption Info: threeparttable package is loaded.
Package caption Info: End \AtBeginDocument code.


LaTeX Warning: No \author given.


LaTeX Warning: No \author given.


LaTeX Warning: No \author given.

[1{g:/Program Files (x86)/texlive/2014/texmf-var/fonts/map/pdftex/updmap/pdftex
.map}


]
LaTeX Font Info:    External font `cmex10' loaded for size
(Font)              <7> on input line 427.
LaTeX Font Info:    External font `cmex10' loaded for size
(Font)              <5> on input line 427.
 <FigureBatchStream.pdf, id=9, 279.26332pt x 196.735pt>
File: FigureBatchStream.pdf Graphic file (type pdf)

<use FigureBatchStream.pdf>
Package pdftex.def Info: FigureBatchStream.pdf used on input line 445.
(pdftex.def)             Requested size: 175.43811pt x 123.59546pt.
 <Figure5a.pdf, id=10, 346.29375pt x 215.30438pt>
File: Figure5a.pdf Graphic file (type pdf)

<use Figure5a.pdf>
Package pdftex.def Info: Figure5a.pdf used on input line 458.
(pdftex.def)             Requested size: 216.71906pt x 134.74559pt.
 <Figure5b.pdf, id=11, 346.79562pt x 218.8175pt>
File: Figure5b.pdf Graphic file (type pdf)

<use Figure5b.pdf>
Package pdftex.def Info: Figure5b.pdf used on input line 461.
(pdftex.def)             Requested size: 216.71906pt x 136.74724pt.
 <Figure5c.pdf, id=12, 346.79562pt x 222.33063pt>
File: Figure5c.pdf Graphic file (type pdf)

<use Figure5c.pdf>
Package pdftex.def Info: Figure5c.pdf used on input line 464.
(pdftex.def)             Requested size: 216.71906pt x 138.94272pt.
 <Figure5d.pdf, id=13, 346.29375pt x 221.32687pt>
File: Figure5d.pdf Graphic file (type pdf)

<use Figure5d.pdf>
Package pdftex.def Info: Figure5d.pdf used on input line 467.
(pdftex.def)             Requested size: 216.71906pt x 138.51468pt.
 [2 <./FigureBatchStream.pdf>]
Underfull \vbox (badness 10000) has occurred while \output is active []


Underfull \vbox (badness 10000) has occurred while \output is active []

 [3 <./Figure5a.pdf> <./Figure5b.pdf

pdfTeX warning: pdflatex.exe (file ./Figure5b.pdf): PDF inclusion: multiple pdf
s with page group included in a single page
> <./Figure5c.pdf

pdfTeX warning: pdflatex.exe (file ./Figure5c.pdf): PDF inclusion: multiple pdf
s with page group included in a single page
> <./Figure5d.pdf

pdfTeX warning: pdflatex.exe (file ./Figure5d.pdf): PDF inclusion: multiple pdf
s with page group included in a single page
>] <Figure3.pdf, id=366, 651.69473pt x 493.72455pt>
File: Figure3.pdf Graphic file (type pdf)
 <use Figure3.pdf>
Package pdftex.def Info: Figure3.pdf used on input line 489.
(pdftex.def)             Requested size: 121.26031pt x 91.86496pt.

<Figure4.pdf, id=367, 667.27295pt x 490.89397pt>
File: Figure4.pdf Graphic file (type pdf)
 <use Figure4.pdf>
Package pdftex.def Info: Figure4.pdf used on input line 492.
(pdftex.def)             Requested size: 123.84283pt x 91.10608pt.

<FigureArchitecture.pdf, id=368, 231.86626pt x 299.61937pt>
File: FigureArchitecture.pdf Graphic file (type pdf)

<use FigureArchitecture.pdf>
Package pdftex.def Info: FigureArchitecture.pdf used on input line 517.
(pdftex.def)             Requested size: 180.60315pt x 233.38214pt.
 [4 <./Figure3.pdf> <./Figure4.pdf>]
<FigureAction.pdf, id=382, 535.50063pt x 274.52562pt>
File: FigureAction.pdf Graphic file (type pdf)
 <use FigureAction.pdf>
Package pdftex.def Info: FigureAction.pdf used on input line 534.
(pdftex.def)             Requested size: 387.0pt x 198.40392pt.

<FigureI2.pdf, id=383, 413.98665pt x 117.76999pt>
File: FigureI2.pdf Graphic file (type pdf)
 <use FigureI2.pdf>
Package pdftex.def Info: FigureI2.pdf used on input line 546.
(pdftex.def)             Requested size: 216.71906pt x 61.65045pt.
LaTeX Font Info:    External font `cmex10' loaded for size
(Font)              <8> on input line 558.
LaTeX Font Info:    External font `cmex10' loaded for size
(Font)              <6> on input line 558.

Overfull \hbox (14.22638pt too wide) in paragraph at lines 562--562
[][]| 
 []


Overfull \hbox (14.22638pt too wide) in paragraph at lines 569--569
[][]| 
 []


Overfull \hbox (14.22638pt too wide) in paragraph at lines 576--576
[][]| 
 []

[5 <./FigureArchitecture.pdf> <./FigureI2.pdf

pdfTeX warning: pdflatex.exe (file ./FigureI2.pdf): PDF inclusion: multiple pdf
s with page group included in a single page
>] <FigureILC.pdf, id=455, 293.095pt x 314.8864pt>
File: FigureILC.pdf Graphic file (type pdf)
 <use FigureILC.pdf>
Package pdftex.def Info: FigureILC.pdf used on input line 599.
(pdftex.def)             Requested size: 185.76031pt x 199.57106pt.
 [6 <./FigureAction.pdf> <./FigureILC.pdf

pdfTeX warning: pdflatex.exe (file ./FigureILC.pdf): PDF inclusion: multiple pd
fs with page group included in a single page
>] <FigureS1.pdf, id=548, 582.67688pt x 240.39813pt>
File: FigureS1.pdf Graphic file (type pdf)
 <use FigureS1.pdf>
Package pdftex.def Info: FigureS1.pdf used on input line 645.
(pdftex.def)             Requested size: 247.6778pt x 102.18436pt.

<FigureS2.pdf, id=549, 586.69188pt x 240.39813pt>
File: FigureS2.pdf Graphic file (type pdf)
 <use FigureS2.pdf>
Package pdftex.def Info: FigureS2.pdf used on input line 657.
(pdftex.def)             Requested size: 247.6778pt x 101.48373pt.
LaTeX Font Info:    External font `cmex10' loaded for size
(Font)              <9> on input line 680.

<Figure7.pdf, id=550, 297.11pt x 279.90572pt>
File: Figure7.pdf Graphic file (type pdf)
 <use Figure7.pdf>
Package pdftex.def Info: Figure7.pdf used on input line 721.
(pdftex.def)             Requested size: 180.60315pt x 170.15283pt.
 [7 <./FigureS1.pdf> <./FigureS2.pdf

pdfTeX warning: pdflatex.exe (file ./FigureS2.pdf): PDF inclusion: multiple pdf
s with page group included in a single page
>] [8 <./Figure7.pdf>] <FigureJCT.pdf, id=718, 643.19295pt x 480.2743pt>
File: FigureJCT.pdf Graphic file (type pdf)

<use FigureJCT.pdf>
Package pdftex.def Info: FigureJCT.pdf used on input line 786.
(pdftex.def)             Requested size: 180.60315pt x 134.85695pt.
 <FigureMakeSpan.pdf, id=719, 648.15147pt x 461.8555pt>
File: FigureMakeSpan.pdf Graphic file (type pdf)

<use FigureMakeSpan.pdf>
Package pdftex.def Info: FigureMakeSpan.pdf used on input line 794.
(pdftex.def)             Requested size: 165.12378pt x 117.66235pt.

Overfull \hbox (1.02597pt too wide) in paragraph at lines 808--808
[]\OT1/ptm/m/n/9 Techniques| 
 []


Overfull \hbox (1.03748pt too wide) in paragraph at lines 808--808
[]\OT1/ptm/m/n/9 Skewtune| 
 []

[9 <./FigureJCT.pdf>] <FigureAdapBurst.pdf, id=728, 527.73161pt x 687.81969pt>
File: FigureAdapBurst.pdf Graphic file (type pdf)

<use FigureAdapBurst.pdf>
Package pdftex.def Info: FigureAdapBurst.pdf used on input line 832.
(pdftex.def)             Requested size: 154.80157pt x 201.76106pt.
 <FigureDLWT.pdf, id=729, 497.26779pt x 663.73973pt>
File: FigureDLWT.pdf Graphic file (type pdf)

<use FigureDLWT.pdf>
Package pdftex.def Info: FigureDLWT.pdf used on input line 841.
(pdftex.def)             Requested size: 144.47937pt x 192.8442pt.
 [10 <./FigureMakeSpan.pdf> <./FigureAdapBurst.pdf, page is rotated 90 degrees>
] <FigureAllorTwo.pdf, id=743, 642.48032pt x 464.68608pt>
File: FigureAllorTwo.pdf Graphic file (type pdf)

<use FigureAllorTwo.pdf>
Package pdftex.def Info: FigureAllorTwo.pdf used on input line 863.
(pdftex.def)             Requested size: 180.60315pt x 130.62172pt.
 [11 <./FigureDLWT.pdf, page is rotated 90 degrees> <./FigureAllorTwo.pdf>]
(./Lever Towards Low-Latency Batch Stream Processing by Pre-Scheduling.bbl
[12])

** Conference Paper **
Before submitting the final camera ready copy, remember to:

 1. Manually equalize the lengths of two columns on the last page
 of your paper;

 2. Ensure that any PostScript and/or PDF output post-processing
 uses only Type 1 fonts and that every step in the generation
 process uses the appropriate paper size.

[13] (./Lever Towards Low-Latency Batch Stream Processing by Pre-Scheduling.aux
) ) 
Here is how much of TeX's memory you used:
 4248 strings out of 493108
 71474 string characters out of 6129422
 147858 words of memory out of 5000000
 7640 multiletter control sequences out of 15000+600000
 39092 words of font info for 74 fonts, out of 8000000 for 9000
 1144 hyphenation exceptions out of 8191
 44i,13n,47p,2602b,622s stack positions out of 5000i,500n,10000p,200000b,80000s
{g:/Program Files (x86)/texlive/2014/texmf-dist/fonts/enc/dvips/base/8r.enc}
<g:/Program Files (x86)/texlive/2014/texmf-dist/fonts/type1/public/amsfonts/cm/
cmex10.pfb><g:/Program Files (x86)/texlive/2014/texmf-dist/fonts/type1/public/a
msfonts/cm/cmmi10.pfb><g:/Program Files (x86)/texlive/2014/texmf-dist/fonts/typ
e1/public/amsfonts/cm/cmmi5.pfb><g:/Program Files (x86)/texlive/2014/texmf-dist
/fonts/type1/public/amsfonts/cm/cmmi6.pfb><g:/Program Files (x86)/texlive/2014/
texmf-dist/fonts/type1/public/amsfonts/cm/cmmi7.pfb><g:/Program Files (x86)/tex
live/2014/texmf-dist/fonts/type1/public/amsfonts/cm/cmmi9.pfb><g:/Program Files
 (x86)/texlive/2014/texmf-dist/fonts/type1/public/amsfonts/cm/cmr10.pfb><g:/Pro
gram Files (x86)/texlive/2014/texmf-dist/fonts/type1/public/amsfonts/cm/cmr5.pf
b><g:/Program Files (x86)/texlive/2014/texmf-dist/fonts/type1/public/amsfonts/c
m/cmr6.pfb><g:/Program Files (x86)/texlive/2014/texmf-dist/fonts/type1/public/a
msfonts/cm/cmr7.pfb><g:/Program Files (x86)/texlive/2014/texmf-dist/fonts/type1
/public/amsfonts/cm/cmr8.pfb><g:/Program Files (x86)/texlive/2014/texmf-dist/fo
nts/type1/public/amsfonts/cm/cmr9.pfb><g:/Program Files (x86)/texlive/2014/texm
f-dist/fonts/type1/public/amsfonts/cm/cmsy10.pfb><g:/Program Files (x86)/texliv
e/2014/texmf-dist/fonts/type1/public/amsfonts/cm/cmsy7.pfb><g:/Program Files (x
86)/texlive/2014/texmf-dist/fonts/type1/public/amsfonts/cm/cmsy8.pfb><g:/Progra
m Files (x86)/texlive/2014/texmf-dist/fonts/type1/public/amsfonts/cm/cmsy9.pfb>
<g:/Program Files (x86)/texlive/2014/texmf-dist/fonts/type1/urw/times/utmb8a.pf
b><g:/Program Files (x86)/texlive/2014/texmf-dist/fonts/type1/urw/times/utmbi8a
.pfb><g:/Program Files (x86)/texlive/2014/texmf-dist/fonts/type1/urw/times/utmr
8a.pfb><g:/Program Files (x86)/texlive/2014/texmf-dist/fonts/type1/urw/times/ut
mri8a.pfb>
Output written on "Lever Towards Low-Latency Batch Stream Processing by Pre-Sch
eduling.pdf" (13 pages, 934514 bytes).
PDF statistics:
 829 PDF objects out of 1000 (max. 8388607)
 465 compressed objects within 5 object streams
 0 named destinations out of 1000 (max. 500000)
 96 words of extra memory for PDF output out of 10000 (max. 10000000)

